<?xml version="1.0" encoding="UTF-8"?>
<!-- Generated by org.testng.reporters.JUnitReportReporter -->
<testsuite hostname="DESKTOP-V4INBL5" failures="0" tests="2" name="Testcases.Productcheck" time="3.567" errors="0" timestamp="2023-04-04T00:52:30 IST" skipped="0">
  <testcase classname="Testcases.Productcheck" name="verifycheck" time="2.230"/>
  <system-out/>
  <testcase classname="Testcases.Productcheck" name="verifywitoutProduct" time="1.337"/>
  <system-out/>
</testsuite> <!-- Testcases.Productcheck -->
