<?xml version="1.0" encoding="UTF-8"?>
<!-- Generated by org.testng.reporters.JUnitReportReporter -->
<testsuite hostname="DESKTOP-V4INBL5" failures="0" tests="4" name="Testcases.Countproduct" time="7.850" errors="0" timestamp="2023-04-04T00:52:30 IST" skipped="0">
  <testcase classname="Testcases.Countproduct" name="countproduct" time="5.786"/>
  <system-out/>
  <testcase classname="Testcases.Countproduct" name="countproduct" time="0.539"/>
  <system-out/>
  <testcase classname="Testcases.Countproduct" name="countproduct" time="1.079"/>
  <system-out/>
  <testcase classname="Testcases.Countproduct" name="countproduct" time="0.446"/>
  <system-out/>
</testsuite> <!-- Testcases.Countproduct -->
