<?xml version="1.0" encoding="UTF-8"?>
<!-- Generated by org.testng.reporters.JUnitReportReporter -->
<testsuite hostname="DESKTOP-V4INBL5" failures="0" tests="4" name="Testcases.LoginTestCases" time="14.170" errors="0" timestamp="2023-04-04T00:12:59 IST" skipped="0">
  <testcase classname="Testcases.LoginTestCases" name="verifyUser" time="9.021"/>
  <system-out/>
  <testcase classname="Testcases.LoginTestCases" name="verifyUser" time="2.568"/>
  <system-out/>
  <testcase classname="Testcases.LoginTestCases" name="verifyUser" time="0.920"/>
  <system-out/>
  <testcase classname="Testcases.LoginTestCases" name="verifyUser" time="1.661"/>
  <system-out/>
</testsuite> <!-- Testcases.LoginTestCases -->
