<?xml version="1.0" encoding="UTF-8"?>
<!-- Generated by org.testng.reporters.JUnitReportReporter -->
<testsuite hostname="DESKTOP-V4INBL5" failures="0" tests="4" name="Testcases.Countproduct" time="10.416" errors="0" timestamp="2023-04-04T00:12:59 IST" skipped="0">
  <testcase classname="Testcases.Countproduct" name="countproduct" time="1.643"/>
  <system-out/>
  <testcase classname="Testcases.Countproduct" name="countproduct" time="2.532"/>
  <system-out/>
  <testcase classname="Testcases.Countproduct" name="countproduct" time="5.769"/>
  <system-out/>
  <testcase classname="Testcases.Countproduct" name="countproduct" time="0.472"/>
  <system-out/>
</testsuite> <!-- Testcases.Countproduct -->
