<?xml version="1.0" encoding="UTF-8"?>
<!-- Generated by org.testng.reporters.JUnitReportReporter -->
<testsuite hostname="DESKTOP-V4INBL5" failures="0" tests="2" name="Testcases.Productcheck" time="2.453" errors="0" timestamp="2023-04-04T00:12:59 IST" skipped="0">
  <testcase classname="Testcases.Productcheck" name="verifycheck" time="1.684"/>
  <system-out/>
  <testcase classname="Testcases.Productcheck" name="verifywitoutProduct" time="0.769"/>
  <system-out/>
</testsuite> <!-- Testcases.Productcheck -->
