<?xml version="1.0" encoding="UTF-8"?>
<!-- Generated by org.testng.reporters.JUnitReportReporter -->
<testsuite hostname="DESKTOP-V4INBL5" failures="0" tests="4" name="Testcases.About" time="53.183" errors="0" timestamp="2023-04-04T00:34:26 IST" skipped="0">
  <testcase classname="Testcases.About" name="verifyAbout" time="14.306"/>
  <system-out/>
  <testcase classname="Testcases.About" name="verifyAbout" time="4.613"/>
  <system-out/>
  <testcase classname="Testcases.About" name="verifyAbout" time="11.607"/>
  <system-out/>
  <testcase classname="Testcases.About" name="verifyAbout" time="22.657"/>
  <system-out/>
</testsuite> <!-- Testcases.About -->
