<?xml version="1.0" encoding="UTF-8"?>
<!-- Generated by org.testng.reporters.JUnitReportReporter -->
<testsuite hostname="DESKTOP-V4INBL5" failures="0" tests="4" name="Testcases.LoginTestCases" time="13.535" errors="0" timestamp="2023-04-04T00:52:30 IST" skipped="0">
  <testcase classname="Testcases.LoginTestCases" name="verifyUser" time="0.710"/>
  <system-out/>
  <testcase classname="Testcases.LoginTestCases" name="verifyUser" time="1.123"/>
  <system-out/>
  <testcase classname="Testcases.LoginTestCases" name="verifyUser" time="11.079"/>
  <system-out/>
  <testcase classname="Testcases.LoginTestCases" name="verifyUser" time="0.623"/>
  <system-out/>
</testsuite> <!-- Testcases.LoginTestCases -->
