<?xml version="1.0" encoding="UTF-8"?>
<!-- Generated by org.testng.reporters.JUnitReportReporter -->
<testsuite hostname="DESKTOP-V4INBL5" failures="0" tests="4" name="Testcases.About" time="101.066" errors="0" timestamp="2023-04-04T00:52:30 IST" skipped="0">
  <testcase classname="Testcases.About" name="verifyAbout" time="16.438"/>
  <system-out/>
  <testcase classname="Testcases.About" name="verifyAbout" time="28.963"/>
  <system-out/>
  <testcase classname="Testcases.About" name="verifyAbout" time="19.138"/>
  <system-out/>
  <testcase classname="Testcases.About" name="verifyAbout" time="36.527"/>
  <system-out/>
</testsuite> <!-- Testcases.About -->
