<?xml version="1.0" encoding="UTF-8"?>
<!-- Generated by org.testng.reporters.JUnitReportReporter -->
<testsuite hostname="DESKTOP-V4INBL5" failures="0" tests="1" name="Testcases.BackToProduct" time="13.029" errors="0" timestamp="2023-04-04T00:52:30 IST" skipped="0">
  <testcase classname="Testcases.BackToProduct" name="verifyBackTopage" time="13.029"/>
  <system-out/>
</testsuite> <!-- Testcases.BackToProduct -->
